Registro de eventos:
Se ha creado el archivo paraules-4.txt satisfactoriamente.
Se ha creado el archivo paraules-6.txt satisfactoriamente.
Se ha creado el archivo paraules-8.txt satisfactoriamente.
Se ha creado el archivo paraules-10.txt satisfactoriamente.
--- Inicio del programa ---
Se ha creado el archivo paraules-4.txt satisfactoriamente.
Se ha creado el archivo paraules-6.txt satisfactoriamente.
Se ha creado el archivo paraules-8.txt satisfactoriamente.
Se ha creado el archivo paraules-10.txt satisfactoriamente.
--- Fin del programa ---
Tiempo transcurrido: 0.00 segundos
--- Inicio del programa ---
--- Fin del programa ---
Tiempo transcurrido: 0.00 segundos
--- Inicio del programa ---
--- Fin del programa ---
Tiempo transcurrido: 0.00 segundos
--- Inicio del programa ---
--- Fin del programa ---
Tiempo transcurrido: 0.00 segundos
--- Inicio del programa ---
--- Fin del programa ---
Tiempo transcurrido: 0.00 segundos
